/home/coder/project/set_env.py:3: DeprecationWarning: pkg_resources is deprecated as an API. See https://setuptools.pypa.io/en/latest/pkg_resources.html
  import pkg_resources
Version conflict for pandas, installing specified version...
Collecting pandas==2.0.0
  Downloading pandas-2.0.0-cp38-cp38-manylinux_2_17_x86_64.manylinux2014_x86_64.whl.metadata (18 kB)
Collecting python-dateutil>=2.8.2 (from pandas==2.0.0)
  Downloading python_dateutil-2.9.0.post0-py2.py3-none-any.whl.metadata (8.4 kB)
Collecting pytz>=2020.1 (from pandas==2.0.0)
  Downloading pytz-2024.1-py2.py3-none-any.whl.metadata (22 kB)
Collecting tzdata>=2022.1 (from pandas==2.0.0)
  Downloading tzdata-2024.1-py2.py3-none-any.whl.metadata (1.4 kB)
Collecting numpy>=1.20.3 (from pandas==2.0.0)
  Downloading numpy-1.24.4-cp38-cp38-manylinux_2_17_x86_64.manylinux2014_x86_64.whl.metadata (5.6 kB)
Collecting six>=1.5 (from python-dateutil>=2.8.2->pandas==2.0.0)
  Downloading six-1.16.0-py2.py3-none-any.whl.metadata (1.8 kB)
Downloading pandas-2.0.0-cp38-cp38-manylinux_2_17_x86_64.manylinux2014_x86_64.whl (12.3 MB)
[?25l   [90mâ”â”â”â”â”â”â”â”â”â”â”â”â”â”â”â”â”â”â”â”â”â”â”â”â”â”â”â”â”â”â”â”â”â”â”â”â”â”â”â”[0m [32m0.0/12.3 MB[0m [31m?[0m eta [36m-:--:--[0m[2K   [91mâ”â”â”â”â”â”â”â”â”â”â”â”â”â”â”â”â”â”â”â”â”â”â”â”â”â”â”[0m[91mâ•¸[0m[90mâ”â”â”â”â”â”â”â”â”â”â”â”[0m [32m8.6/12.3 MB[0m [31m256.4 MB/s[0m eta [36m0:00:01[0m[2K   [90mâ”â”â”â”â”â”â”â”â”â”â”â”â”â”â”â”â”â”â”â”â”â”â”â”â”â”â”â”â”â”â”â”â”â”â”â”â”â”â”â”[0m [32m12.3/12.3 MB[0m [31m259.2 MB/s[0m eta [36m0:00:00[0m
[?25hDownloading numpy-1.24.4-cp38-cp38-manylinux_2_17_x86_64.manylinux2014_x86_64.whl (17.3 MB)
[?25l   [90mâ”â”â”â”â”â”â”â”â”â”â”â”â”â”â”â”â”â”â”â”â”â”â”â”â”â”â”â”â”â”â”â”â”â”â”â”â”â”â”â”[0m [32m0.0/17.3 MB[0m [31m?[0m eta [36m-:--:--[0m[2K   [91mâ”â”â”â”â”â”â”â”â”â”â”â”â”â”â”â”â”â”â”â”â”â”â”â”â”[0m[90mâ•º[0m[90mâ”â”â”â”â”â”â”â”â”â”â”â”â”â”[0m [32m10.9/17.3 MB[0m [31m326.8 MB/s[0m eta [36m0:00:01[0m[2K   [90mâ”â”â”â”â”â”â”â”â”â”â”â”â”â”â”â”â”â”â”â”â”â”â”â”â”â”â”â”â”â”â”â”â”â”â”â”â”â”â”â”[0m [32m17.3/17.3 MB[0m [31m328.2 MB/s[0m eta [36m0:00:00[0m
[?25hDownloading python_dateutil-2.9.0.post0-py2.py3-none-any.whl (229 kB)
[?25l   [90mâ”â”â”â”â”â”â”â”â”â”â”â”â”â”â”â”â”â”â”â”â”â”â”â”â”â”â”â”â”â”â”â”â”â”â”â”â”â”â”â”[0m [32m0.0/229.9 kB[0m [31m?[0m eta [36m-:--:--[0m[2K   [90mâ”â”â”â”â”â”â”â”â”â”â”â”â”â”â”â”â”â”â”â”â”â”â”â”â”â”â”â”â”â”â”â”â”â”â”â”â”â”â”[0m [32m229.9/229.9 kB[0m [31m319.1 MB/s[0m eta [36m0:00:00[0m
[?25hDownloading pytz-2024.1-py2.py3-none-any.whl (505 kB)
[?25l   [90mâ”â”â”â”â”â”â”â”â”â”â”â”â”â”â”â”â”â”â”â”â”â”â”â”â”â”â”â”â”â”â”â”â”â”â”â”â”â”â”â”[0m [32m0.0/505.5 kB[0m [31m?[0m eta [36m-:--:--[0m[2K   [90mâ”â”â”â”â”â”â”â”â”â”â”â”â”â”â”â”â”â”â”â”â”â”â”â”â”â”â”â”â”â”â”â”â”â”â”â”â”â”â”[0m [32m505.5/505.5 kB[0m [31m332.8 MB/s[0m eta [36m0:00:00[0m
[?25hDownloading tzdata-2024.1-py2.py3-none-any.whl (345 kB)
[?25l   [90mâ”â”â”â”â”â”â”â”â”â”â”â”â”â”â”â”â”â”â”â”â”â”â”â”â”â”â”â”â”â”â”â”â”â”â”â”â”â”â”â”[0m [32m0.0/345.4 kB[0m [31m?[0m eta [36m-:--:--[0m[2K   [90mâ”â”â”â”â”â”â”â”â”â”â”â”â”â”â”â”â”â”â”â”â”â”â”â”â”â”â”â”â”â”â”â”â”â”â”â”â”â”â”[0m [32m345.4/345.4 kB[0m [31m352.8 MB/s[0m eta [36m0:00:00[0m
[?25hDownloading six-1.16.0-py2.py3-none-any.whl (11 kB)
Installing collected packages: pytz, tzdata, six, numpy, python-dateutil, pandas
Successfully installed numpy-1.24.4 pandas-2.0.0 python-dateutil-2.9.0.post0 pytz-2024.1 six-1.16.0 tzdata-2024.1
[33mWARNING: Target directory /home/coder/.local/lib/rolos-ml-p39/site-packages/tzdata already exists. Specify --upgrade to force replacement.[0m[33m
[0m[33mWARNING: Target directory /home/coder/.local/lib/rolos-ml-p39/site-packages/pandas-2.0.0.dist-info already exists. Specify --upgrade to force replacement.[0m[33m
[0m[33mWARNING: Target directory /home/coder/.local/lib/rolos-ml-p39/site-packages/dateutil already exists. Specify --upgrade to force replacement.[0m[33m
[0m[33mWARNING: Target directory /home/coder/.local/lib/rolos-ml-p39/site-packages/numpy.libs already exists. Specify --upgrade to force replacement.[0m[33m
[0m[33mWARNING: Target directory /home/coder/.local/lib/rolos-ml-p39/site-packages/six-1.16.0.dist-info already exists. Specify --upgrade to force replacement.[0m[33m
[0m[33mWARNING: Target directory /home/coder/.local/lib/rolos-ml-p39/site-packages/pytz already exists. Specify --upgrade to force replacement.[0m[33m
[0m[33mWARNING: Target directory /home/coder/.local/lib/rolos-ml-p39/site-packages/python_dateutil-2.9.0.post0.dist-info already exists. Specify --upgrade to force replacement.[0m[33m
[0m[33mWARNING: Target directory /home/coder/.local/lib/rolos-ml-p39/site-packages/numpy already exists. Specify --upgrade to force replacement.[0m[33m
[0m[33mWARNING: Target directory /home/coder/.local/lib/rolos-ml-p39/site-packages/pandas already exists. Specify --upgrade to force replacement.[0m[33m
[0m[33mWARNING: Target directory /home/coder/.local/lib/rolos-ml-p39/site-packages/tzdata-2024.1.dist-info already exists. Specify --upgrade to force replacement.[0m[33m
[0m[33mWARNING: Target directory /home/coder/.local/lib/rolos-ml-p39/site-packages/pytz-2024.1.dist-info already exists. Specify --upgrade to force replacement.[0m[33m
[0m[33mWARNING: Target directory /home/coder/.local/lib/rolos-ml-p39/site-packages/six.py already exists. Specify --upgrade to force replacement.[0m[33m
[0m[33mWARNING: Target directory /home/coder/.local/lib/rolos-ml-p39/site-packages/bin already exists. Specify --upgrade to force replacement.[0m[33m
[0m