subdirs: ['DFT_data/DFT/b0b0-40a1-4879-a18b-21fe90651e05', 'DFT_data/DFT/1d06-f7de-416e-9c29-27c72d594c9c', 'DFT_data/DFT/a71e-8d93-4112-9e24-86f821aef5bf', 'DFT_data/DFT/06be-161e-48e9-be01-88c32833e14e', 'DFT_data/DFT/2101-1d11-45b1-a049-f615a27eb43d', 'DFT_data/DFT/f862-0230-4fb3-aa99-c376bdd1347a', 'DFT_data/DFT/6d82-aaef-4760-be97-ad8cb792232f', 'DFT_data/DFT/d244-8cc2-4028-b352-c2990de9dba9', 'DFT_data/DFT/4544-d73b-4401-aba2-b507ab756713', 'DFT_data/DFT/82b7-2729-47c8-8955-4e2bd4bcd829', 'DFT_data/DFT/9241-d16a-4212-8751-87c32e3f72cb', 'DFT_data/DFT/8643-a8c7-4ee9-8d20-59406c2d0fb2', 'DFT_data/DFT/7fea-ef1d-416e-9da7-7f096282665b', 'DFT_data/DFT/60c8-66d2-4bb4-8073-1539f8a874da', 'DFT_data/DFT/f513-1ab1-4485-b4b7-89b9e0b79a11', 'DFT_data/DFT/a882-4380-4df8-a4c2-7caee085c232', 'DFT_data/DFT/1247-0eeb-42da-9a5e-cfcaec19b5c2', 'DFT_data/DFT/b467-d348-4730-a80e-51a2d22c5dbe', 'DFT_data/DFT/45e1-2432-446b-a593-06ccbf5695b2', 'DFT_data/DFT/b5a7-b5d4-4691-9e15-7a1b1d21fa80', 'DFT_data/DFT/6cc9-7687-431d-8cc3-51ec45bc4f29', 'DFT_data/DFT/ce2d-95a4-4a76-b9b6-62e25435174c', 'DFT_data/DFT/33a5-b52c-438c-8772-db12c5347baf', 'DFT_data/DFT/4abb-7e9a-4050-ba4d-2ad1e57c0a42', 'DFT_data/DFT/ffbf-2511-4d26-9de8-cd74bf82543b', 'DFT_data/DFT/4c9e-3f2e-4dcf-9380-5542798d932c', 'DFT_data/DFT/3821-9844-4b77-a1ac-f97d0edc09ed', 'DFT_data/DFT/521b-5d3b-43da-b6c1-8611adb9866b', 'DFT_data/DFT/aeac-a48b-48ab-8dcb-4b2986eb6395', 'DFT_data/DFT/3ca9-118d-44a9-b539-ae37cadd9ea5', 'DFT_data/DFT/21c0-07d4-4fd2-b435-f0e947fe4a8b', 'DFT_data/DFT/de00-833c-4a03-b62d-fb7c5e444568', 'DFT_data/DFT/891b-602a-4a88-a4b5-7e4e3a067e91', 'DFT_data/DFT/c87c-366d-47e9-8387-1e8a297bb06e', 'DFT_data/DFT/3587-c356-4b0f-9e0f-68d7d26a3c5c', 'DFT_data/DFT/db7f-1768-432f-b4c5-ae6f34dc6ab9', 'DFT_data/DFT/95c5-15fb-435a-ae3f-030c01d3c406', 'DFT_data/DFT/0f63-62b8-4742-896e-518a103b1f17', 'DFT_data/DFT/3adf-8572-4db9-9199-08ce4a92d53d', 'DFT_data/DFT/0085-736f-42f0-9561-f4ded9ce43ee', 'DFT_data/DFT/f219-41a9-4a27-a9a8-a5c7e1eafc8a', 'DFT_data/DFT/aa5a-58be-4fc0-939c-9698245dc9aa', 'DFT_data/DFT/f7a0-db9c-4d18-8426-7fd898079044', 'DFT_data/DFT/7b25-b85a-4ced-9f9f-af7ba8d7c9bc', 'DFT_data/DFT/3506-5869-4f28-a30e-529f27e01ed7', 'DFT_data/DFT/764d-eefa-4f90-b42f-b98b20bedca1', 'DFT_data/DFT/b633-1857-4a4d-9479-6f15feef8bec', 'DFT_data/DFT/97b7-2c95-4a76-a9b9-a31a957210a1', 'DFT_data/DFT/7910-b80c-4bbb-a74c-20235218ea55', 'DFT_data/DFT/5ade-4e72-477c-9256-96f22b8ffcf5', 'DFT_data/DFT/2d6c-4359-41ee-8281-6aa452e4827b', 'DFT_data/DFT/e9e6-e0a7-4203-97e0-1ea831db092b', 'DFT_data/DFT/0d91-2cb4-4517-a21b-1791a56dadd4', 'DFT_data/DFT/f0ea-0dae-400b-848f-9c6d89769273', 'DFT_data/DFT/2406-93db-49d7-927b-a30c34785435', 'DFT_data/DFT/7b5e-0c96-47f7-9966-e3159dbd1d75', 'DFT_data/DFT/a07e-0cd8-479b-b52f-2b28915bccdb', 'DFT_data/DFT/125d-f09e-4ebb-b37b-5d54d0cad8d3', 'DFT_data/DFT/4277-2e73-4344-be07-90ba0fdd6b06', 'DFT_data/DFT/0fd1-607a-4ab1-9cf6-a096107959e9', 'DFT_data/DFT/1113-377f-4e01-8882-228e405d20be', 'DFT_data/DFT/ec6e-e631-44e0-a290-45314cc2778b', 'DFT_data/DFT/95c9-411a-4c9c-a754-ee6ae48fe646', 'DFT_data/DFT/1e31-8b44-45f5-aae8-3ca351b8de17', 'DFT_data/DFT/47db-c8b0-4b70-91b5-22e459460f3b', 'DFT_data/DFT/9560-4c82-40b2-b5c1-8def9e31c68f', 'DFT_data/DFT/a4c6-be9d-4729-abd2-6b46006fd01e', 'DFT_data/DFT/dc04-c5e3-4063-a809-8036d418acf8', 'DFT_data/DFT/0479-fc32-4fea-97cb-61ae7d687856', 'DFT_data/DFT/3eab-5fe6-4e8d-a0ca-6d23fb35f6df']
  0% 0/70 [00:00<?, ?it/s][[0.         0.         0.         0.         0.         0.
  0.         0.         0.         0.         0.         0.
  0.         1.93596662 1.93596662 1.93596662 1.93596662 1.93596662
  1.93596662 1.93596662 1.93596662 1.93596662 1.93596662 1.93596662
  1.93596662 1.93596662]
 [0.         0.         0.         0.         0.         0.
  0.         0.         0.         0.         0.         0.
  0.         1.93596662 1.93596662 1.93596662 1.93596662 1.93596662
  1.93596662 1.93596662 1.93596662 1.93596662 1.93596662 1.93596662
  1.93596662 1.93596662]
 [0.         0.         0.         0.         0.         0.
  0.         0.         0.         0.         0.         0.
  0.         1.93596662 1.93596662 1.93596662 1.93596662 1.93596662
  1.93596662 1.93596662 1.93596662 1.93596662 1.93596662 1.93596662
  1.93596662 1.93596662]
 [0.         0.         0.         0.         0.         0.
  0.         0.         0.         0.         0.         0.
  0.         1.93596662 1.93596662 1.93596662 1.93596662 1.93596662
  1.93596662 1.93596662 1.93596662 1.93596662 1.93596662 1.93596662
  1.93596662 1.93596662]
 [0.         0.         0.         0.         0.         0.
  0.         0.         0.         0.         0.         0.
  0.         1.93596662 1.93596662 1.93596662 1.93596662 1.93596662
  1.93596662 1.93596662 1.93596662 1.93596662 1.93596662 1.93596662
  1.93596662 1.93596662]
 [0.         0.         0.         0.         0.         0.
  0.         0.         0.         0.         0.         0.
  0.         1.93596662 1.93596662 1.93596662 1.93596662 1.93596662
  1.93596662 1.93596662 1.93596662 1.93596662 1.93596662 1.93596662
  1.93596662 1.93596662]
 [0.         0.         0.         0.         0.         0.
  0.         0.         0.         0.         0.         0.
  0.         1.93596662 1.93596662 1.93596662 1.93596662 1.93596662
  1.93596662 1.93596662 1.93596662 1.93596662 1.93596662 1.93596662
  1.93596662 1.93596662]
 [0.         0.         0.         0.         0.         0.
  0.         0.         0.         0.         0.         0.
  0.         1.93596662 1.93596662 1.93596662 1.93596662 1.93596662
  1.93596662 1.93596662 1.93596662 1.93596662 1.93596662 1.93596662
  1.93596662 1.93596662]
 [0.         0.         0.         0.         0.         0.
  0.         0.         0.         0.         0.         0.
  0.         1.93596662 1.93596662 1.93596662 1.93596662 1.93596662
  1.93596662 1.93596662 1.93596662 1.93596662 1.93596662 1.93596662
  1.93596662 1.93596662]
 [0.         0.         0.         0.         0.         0.
  0.         0.         0.         0.         0.         0.
  0.         1.93596662 1.93596662 1.93596662 1.93596662 1.93596662
  1.93596662 1.93596662 1.93596662 1.93596662 1.93596662 1.93596662
  1.93596662 1.93596662]
 [0.         0.         0.         0.         0.         0.
  0.         0.         0.         0.         0.         0.
  0.         1.93596662 1.93596662 1.93596662 1.93596662 1.93596662
  1.93596662 1.93596662 1.93596662 1.93596662 1.93596662 1.93596662
  1.93596662 1.93596662]
 [0.         0.         0.         0.         0.         0.
  0.         0.         0.         0.         0.         0.
  0.         1.93596662 1.93596662 1.93596662 1.93596662 1.93596662
  1.93596662 1.93596662 1.93596662 1.93596662 1.93596662 1.93596662
  1.93596662 1.93596662]
 [0.         0.         0.         0.         0.         0.
  0.         0.         0.         0.         0.         0.
  0.         1.93596662 1.93596662 1.93596662 1.93596662 1.93596662
  1.93596662 1.93596662 1.93596662 1.93596662 1.93596662 1.93596662
  1.93596662 1.93596662]
 [1.93596662 1.93596662 1.93596662 1.93596662 1.93596662 1.93596662
  1.93596662 1.93596662 1.93596662 1.93596662 1.93596662 1.93596662
  1.93596662 0.         0.         0.         0.         0.
  0.         0.         0.         0.         0.         0.
  0.         0.        ]
 [1.93596662 1.93596662 1.93596662 1.93596662 1.93596662 1.93596662
  1.93596662 1.93596662 1.93596662 1.93596662 1.93596662 1.93596662
  1.93596662 0.         0.         0.         0.         0.
  0.         0.         0.         0.         0.         0.
  0.         0.        ]
 [1.93596662 1.93596662 1.93596662 1.93596662 1.93596662 1.93596662
  1.93596662 1.93596662 1.93596662 1.93596662 1.93596662 1.93596662
  1.93596662 0.         0.         0.         0.         0.
  0.         0.         0.         0.         0.         0.
  0.         0.        ]
 [1.93596662 1.93596662 1.93596662 1.93596662 1.93596662 1.93596662
  1.93596662 1.93596662 1.93596662 1.93596662 1.93596662 1.93596662
  1.93596662 0.         0.         0.         0.         0.
  0.         0.         0.         0.         0.         0.
  0.         0.        ]
 [1.93596662 1.93596662 1.93596662 1.93596662 1.93596662 1.93596662
  1.93596662 1.93596662 1.93596662 1.93596662 1.93596662 1.93596662
  1.93596662 0.         0.         0.         0.         0.
  0.         0.         0.         0.         0.         0.
  0.         0.        ]
 [1.93596662 1.93596662 1.93596662 1.93596662 1.93596662 1.93596662
  1.93596662 1.93596662 1.93596662 1.93596662 1.93596662 1.93596662
  1.93596662 0.         0.         0.         0.         0.
  0.         0.         0.         0.         0.         0.
  0.         0.        ]
 [1.93596662 1.93596662 1.93596662 1.93596662 1.93596662 1.93596662
  1.93596662 1.93596662 1.93596662 1.93596662 1.93596662 1.93596662
  1.93596662 0.         0.         0.         0.         0.
  0.         0.         0.         0.         0.         0.
  0.         0.        ]
 [1.93596662 1.93596662 1.93596662 1.93596662 1.93596662 1.93596662
  1.93596662 1.93596662 1.93596662 1.93596662 1.93596662 1.93596662
  1.93596662 0.         0.         0.         0.         0.
  0.         0.         0.         0.         0.         0.
  0.         0.        ]
 [1.93596662 1.93596662 1.93596662 1.93596662 1.93596662 1.93596662
  1.93596662 1.93596662 1.93596662 1.93596662 1.93596662 1.93596662
  1.93596662 0.         0.         0.         0.         0.
  0.         0.         0.         0.         0.         0.
  0.         0.        ]
 [1.93596662 1.93596662 1.93596662 1.93596662 1.93596662 1.93596662
  1.93596662 1.93596662 1.93596662 1.93596662 1.93596662 1.93596662
  1.93596662 0.         0.         0.         0.         0.
  0.         0.         0.         0.         0.         0.
  0.         0.        ]
 [1.93596662 1.93596662 1.93596662 1.93596662 1.93596662 1.93596662
  1.93596662 1.93596662 1.93596662 1.93596662 1.93596662 1.93596662
  1.93596662 0.         0.         0.         0.         0.
  0.         0.         0.         0.         0.         0.
  0.         0.        ]
 [1.93596662 1.93596662 1.93596662 1.93596662 1.93596662 1.93596662
  1.93596662 1.93596662 1.93596662 1.93596662 1.93596662 1.93596662
  1.93596662 0.         0.         0.         0.         0.
  0.         0.         0.         0.         0.         0.
  0.         0.        ]
 [1.93596662 1.93596662 1.93596662 1.93596662 1.93596662 1.93596662
  1.93596662 1.93596662 1.93596662 1.93596662 1.93596662 1.93596662
  1.93596662 0.         0.         0.         0.         0.
  0.         0.         0.         0.         0.         0.
  0.         0.        ]]
  0% 0/70 [00:00<?, ?it/s]
Traceback (most recent call last):
  File "/home/coder/project/dft_set_up.py", line 269, in <module>
    main()
  File "/home/coder/project/dft_set_up.py", line 259, in main
    sample= get_aiida(aida_file)
  File "/home/coder/project/dft_set_up.py", line 215, in get_aiida
    plot_matrx(d_matrix, name=f'{mat_id}_d.png', path="output/")
  File "/home/coder/project/dft_set_up.py", line 144, in plot_matrx
    plt.savefig(path + name)
  File "/home/coder/.local/lib/rolos-ml-p39/site-packages/matplotlib/pyplot.py", line 1134, in savefig
    res = fig.savefig(*args, **kwargs)  # type: ignore[func-returns-value]
  File "/home/coder/.local/lib/rolos-ml-p39/site-packages/matplotlib/figure.py", line 3390, in savefig
    self.canvas.print_figure(fname, **kwargs)
  File "/home/coder/.local/lib/rolos-ml-p39/site-packages/matplotlib/backend_bases.py", line 2193, in print_figure
    result = print_method(
  File "/home/coder/.local/lib/rolos-ml-p39/site-packages/matplotlib/backend_bases.py", line 2043, in <lambda>
    print_method = functools.wraps(meth)(lambda *args, **kwargs: meth(
  File "/home/coder/.local/lib/rolos-ml-p39/site-packages/matplotlib/backends/backend_agg.py", line 497, in print_png
    self._print_pil(filename_or_obj, "png", pil_kwargs, metadata)
  File "/home/coder/.local/lib/rolos-ml-p39/site-packages/matplotlib/backends/backend_agg.py", line 446, in _print_pil
    mpl.image.imsave(
  File "/home/coder/.local/lib/rolos-ml-p39/site-packages/matplotlib/image.py", line 1656, in imsave
    image.save(fname, **pil_kwargs)
  File "/home/coder/.local/lib/rolos-ml-p39/site-packages/PIL/Image.py", line 2456, in save
    fp = builtins.open(filename, "w+b")
FileNotFoundError: [Errno 2] No such file or directory: '/home/coder/project/output/b0b0-40a1-4879-a18b-21fe90651e05_d.png'
